<?xml version="1.0" encoding="UTF-8"?>
<!-- Generated by org.testng.reporters.JUnitXMLReporter -->
<testsuite ignored="0" hostname="DESKTOP-R6ICANP" failures="0" tests="1" name="Chrome Browser test 2" time="1.149" errors="0" timestamp="2022-02-13T15:58:51 EST">
  <testcase classname="com.baseclass.BaseClass" name="@BeforeMethod setUp" time="1.121">
    <failure type="org.openqa.selenium.SessionNotCreatedException" message="session not created: This version of ChromeDriver only supports Chrome version 96
Current browser version is 98.0.4758.82 with binary path C:\Program Files\Google\Chrome\Application\chrome.exe
Build info: version: &amp;apos;3.141.59&amp;apos;, revision: &amp;apos;e82be7d358&amp;apos;, time: &amp;apos;2018-11-14T08:17:03&amp;apos;
System info: host: &amp;apos;DESKTOP-R6ICANP&amp;apos;, ip: &amp;apos;192.168.1.183&amp;apos;, os.name: &amp;apos;Windows 10&amp;apos;, os.arch: &amp;apos;amd64&amp;apos;, os.version: &amp;apos;10.0&amp;apos;, java.version: &amp;apos;17&amp;apos;
Driver info: driver.version: ChromeDriver
remote stacktrace: Backtrace:
	Ordinal0 [0x00B16903+2517251]
	Ordinal0 [0x00AAF8E1+2095329]
	Ordinal0 [0x009B2848+1058888]
	Ordinal0 [0x009D0B9D+1182621]
	Ordinal0 [0x009CCA60+1165920]
	Ordinal0 [0x009CA2CF+1155791]
	Ordinal0 [0x009FAAAF+1354415]
	Ordinal0 [0x009FA71A+1353498]
	Ordinal0 [0x009F639B+1336219]
	Ordinal0 [0x009D27A7+1189799]
	Ordinal0 [0x009D3609+1193481]
	GetHandleVerifier [0x00CA5904+1577972]
	GetHandleVerifier [0x00D50B97+2279047]
	GetHandleVerifier [0x00BA6D09+534521]
	GetHandleVerifier [0x00BA5DB9+530601]
	Ordinal0 [0x00AB4FF9+2117625]
	Ordinal0 [0x00AB98A8+2136232]
	Ordinal0 [0x00AB99E2+2136546]
	Ordinal0 [0x00AC3541+2176321]
	BaseThreadInitThunk [0x76B1FA29+25]
	RtlGetAppContainerNamedObjectPath [0x77367A9E+286]
	RtlGetAppContainerNamedObjectPath [0x77367A6E+238]
">
      <![CDATA[org.openqa.selenium.SessionNotCreatedException: session not created: This version of ChromeDriver only supports Chrome version 96
Current browser version is 98.0.4758.82 with binary path C:\Program Files\Google\Chrome\Application\chrome.exe
Build info: version: '3.141.59', revision: 'e82be7d358', time: '2018-11-14T08:17:03'
System info: host: 'DESKTOP-R6ICANP', ip: '192.168.1.183', os.name: 'Windows 10', os.arch: 'amd64', os.version: '10.0', java.version: '17'
Driver info: driver.version: ChromeDriver
remote stacktrace: Backtrace:
Ordinal0 [0x00B16903+2517251]
Ordinal0 [0x00AAF8E1+2095329]
Ordinal0 [0x009B2848+1058888]
Ordinal0 [0x009D0B9D+1182621]
Ordinal0 [0x009CCA60+1165920]
Ordinal0 [0x009CA2CF+1155791]
Ordinal0 [0x009FAAAF+1354415]
Ordinal0 [0x009FA71A+1353498]
Ordinal0 [0x009F639B+1336219]
Ordinal0 [0x009D27A7+1189799]
Ordinal0 [0x009D3609+1193481]
GetHandleVerifier [0x00CA5904+1577972]
GetHandleVerifier [0x00D50B97+2279047]
GetHandleVerifier [0x00BA6D09+534521]
GetHandleVerifier [0x00BA5DB9+530601]
Ordinal0 [0x00AB4FF9+2117625]
Ordinal0 [0x00AB98A8+2136232]
Ordinal0 [0x00AB99E2+2136546]
Ordinal0 [0x00AC3541+2176321]
BaseThreadInitThunk [0x76B1FA29+25]
RtlGetAppContainerNamedObjectPath [0x77367A9E+286]
RtlGetAppContainerNamedObjectPath [0x77367A6E+238]

at org.openqa.selenium.remote.W3CHandshakeResponse.lambda$errorHandler$0(W3CHandshakeResponse.java:62)
at org.openqa.selenium.remote.HandshakeResponse.lambda$getResponseFunction$0(HandshakeResponse.java:30)
at org.openqa.selenium.remote.ProtocolHandshake.lambda$createSession$0(ProtocolHandshake.java:126)
at java.base/java.util.stream.ReferencePipeline$3$1.accept(ReferencePipeline.java:197)
at java.base/java.util.Spliterators$ArraySpliterator.tryAdvance(Spliterators.java:1002)
at java.base/java.util.stream.ReferencePipeline.forEachWithCancel(ReferencePipeline.java:129)
at java.base/java.util.stream.AbstractPipeline.copyIntoWithCancel(AbstractPipeline.java:527)
at java.base/java.util.stream.AbstractPipeline.copyInto(AbstractPipeline.java:513)
at java.base/java.util.stream.AbstractPipeline.wrapAndCopyInto(AbstractPipeline.java:499)
at java.base/java.util.stream.FindOps$FindOp.evaluateSequential(FindOps.java:150)
at java.base/java.util.stream.AbstractPipeline.evaluate(AbstractPipeline.java:234)
at java.base/java.util.stream.ReferencePipeline.findFirst(ReferencePipeline.java:647)
at org.openqa.selenium.remote.ProtocolHandshake.createSession(ProtocolHandshake.java:128)
at org.openqa.selenium.remote.ProtocolHandshake.createSession(ProtocolHandshake.java:74)
at org.openqa.selenium.remote.HttpCommandExecutor.execute(HttpCommandExecutor.java:136)
at org.openqa.selenium.remote.service.DriverCommandExecutor.execute(DriverCommandExecutor.java:83)
at org.openqa.selenium.remote.RemoteWebDriver.execute(RemoteWebDriver.java:552)
at org.openqa.selenium.remote.RemoteWebDriver.startSession(RemoteWebDriver.java:213)
at org.openqa.selenium.remote.RemoteWebDriver.<init>(RemoteWebDriver.java:131)
at org.openqa.selenium.chrome.ChromeDriver.<init>(ChromeDriver.java:181)
at org.openqa.selenium.chrome.ChromeDriver.<init>(ChromeDriver.java:168)
at org.openqa.selenium.chrome.ChromeDriver.<init>(ChromeDriver.java:123)
at com.baseclass.BaseClass.setUp(BaseClass.java:21)
at java.base/java.util.ArrayList.forEach(ArrayList.java:1511)
at java.base/java.util.concurrent.FutureTask.run(FutureTask.java:264)
at java.base/java.util.concurrent.ThreadPoolExecutor.runWorker(ThreadPoolExecutor.java:1136)
at java.base/java.util.concurrent.ThreadPoolExecutor$Worker.run(ThreadPoolExecutor.java:635)
at java.base/java.lang.Thread.run(Thread.java:833)
... Removed 27 stack frames]]>
    </failure>
  </testcase> <!-- @BeforeMethod setUp -->
  <testcase classname="com.baseclass.BaseClass" name="openApplication" time="0.0">
    <skipped/>
  </testcase> <!-- openApplication -->
</testsuite> <!-- Chrome Browser test 2 -->
