<?xml version="1.0" encoding="UTF-8"?>
<!-- Generated by org.testng.reporters.JUnitXMLReporter -->
<testsuite hostname="DESKTOP-R6ICANP" ignored="0" name="zoopla login test" tests="1" failures="1" timestamp="2022-03-18T16:56:28 EDT" time="6.586" errors="0">
  <testcase name="runScenario" time="6.045" classname="io.cucumber.testng.AbstractTestNGCucumberTests">
    <failure type="org.openqa.selenium.ElementClickInterceptedException" message="element click intercepted: Element &amp;lt;p class=&amp;quot;css-mx98y1-Text eczcs4p0&amp;quot; style=&amp;quot;background: green; border: 4px solid black;&amp;quot;&amp;gt;...&amp;lt;/p&amp;gt; is not clickable at point (1220, 52). Other element would receive the click: &amp;lt;a href=&amp;quot;/signin/?page_after_login=%2F&amp;amp;amp;return_url=%2F&amp;amp;amp;with_confirmation=true&amp;quot; data-testid=&amp;quot;header-profile-sign-in&amp;quot; data-header-signin=&amp;quot;/signin/?page_after_login={URL}&amp;amp;amp;return_url={URL}&amp;amp;amp;with_confirmation=true&amp;quot; data-track-category=&amp;quot;User Account&amp;quot; data-track-action=&amp;quot;clickthrough&amp;quot; data-track-label=&amp;quot;user account&amp;gt;sign in&amp;quot; class=&amp;quot;e1ydnppz5 css-1mw8k3j-ButtonLink-Button-ButtonLinkWithIcon-ResetButtonLinkWithIcon et03gpj0&amp;quot; data-ajax=&amp;quot;false&amp;quot;&amp;gt;...&amp;lt;/a&amp;gt;
  (Session info: chrome=99.0.4844.74)
Build info: version: &amp;apos;3.141.59&amp;apos;, revision: &amp;apos;e82be7d358&amp;apos;, time: &amp;apos;2018-11-14T08:17:03&amp;apos;
System info: host: &amp;apos;DESKTOP-R6ICANP&amp;apos;, ip: &amp;apos;192.168.1.183&amp;apos;, os.name: &amp;apos;Windows 10&amp;apos;, os.arch: &amp;apos;amd64&amp;apos;, os.version: &amp;apos;10.0&amp;apos;, java.version: &amp;apos;1.8.0_321&amp;apos;
Driver info: org.openqa.selenium.chrome.ChromeDriver
Capabilities {acceptInsecureCerts: false, browserName: chrome, browserVersion: 99.0.4844.74, chrome: {chromedriverVersion: 99.0.4844.51 (d537ec02474b5..., userDataDir: C:\Users\MDJALA~1\AppData\L...}, goog:chromeOptions: {debuggerAddress: localhost:60964}, javascriptEnabled: true, networkConnectionEnabled: false, pageLoadStrategy: normal, platform: WINDOWS, platformName: WINDOWS, proxy: Proxy(), setWindowRect: true, strictFileInteractability: false, timeouts: {implicit: 0, pageLoad: 300000, script: 30000}, unhandledPromptBehavior: dismiss and notify, webauthn:extension:credBlob: true, webauthn:extension:largeBlob: true, webauthn:virtualAuthenticators: true}
Session ID: f23d4af5d036c441f2667ad5552a0246">
      <![CDATA[org.openqa.selenium.ElementClickInterceptedException: element click intercepted: Element <p class="css-mx98y1-Text eczcs4p0" style="background: green; border: 4px solid black;">...</p> is not clickable at point (1220, 52). Other element would receive the click: <a href="/signin/?page_after_login=%2F&amp;return_url=%2F&amp;with_confirmation=true" data-testid="header-profile-sign-in" data-header-signin="/signin/?page_after_login={URL}&amp;return_url={URL}&amp;with_confirmation=true" data-track-category="User Account" data-track-action="clickthrough" data-track-label="user account>sign in" class="e1ydnppz5 css-1mw8k3j-ButtonLink-Button-ButtonLinkWithIcon-ResetButtonLinkWithIcon et03gpj0" data-ajax="false">...</a>
  (Session info: chrome=99.0.4844.74)
Build info: version: '3.141.59', revision: 'e82be7d358', time: '2018-11-14T08:17:03'
System info: host: 'DESKTOP-R6ICANP', ip: '192.168.1.183', os.name: 'Windows 10', os.arch: 'amd64', os.version: '10.0', java.version: '1.8.0_321'
Driver info: org.openqa.selenium.chrome.ChromeDriver
Capabilities {acceptInsecureCerts: false, browserName: chrome, browserVersion: 99.0.4844.74, chrome: {chromedriverVersion: 99.0.4844.51 (d537ec02474b5..., userDataDir: C:\Users\MDJALA~1\AppData\L...}, goog:chromeOptions: {debuggerAddress: localhost:60964}, javascriptEnabled: true, networkConnectionEnabled: false, pageLoadStrategy: normal, platform: WINDOWS, platformName: WINDOWS, proxy: Proxy(), setWindowRect: true, strictFileInteractability: false, timeouts: {implicit: 0, pageLoad: 300000, script: 30000}, unhandledPromptBehavior: dismiss and notify, webauthn:extension:credBlob: true, webauthn:extension:largeBlob: true, webauthn:virtualAuthenticators: true}
Session ID: f23d4af5d036c441f2667ad5552a0246
at org.openqa.selenium.remote.http.W3CHttpResponseCodec.createException(W3CHttpResponseCodec.java:187)
at org.openqa.selenium.remote.http.W3CHttpResponseCodec.decode(W3CHttpResponseCodec.java:122)
at org.openqa.selenium.remote.http.W3CHttpResponseCodec.decode(W3CHttpResponseCodec.java:49)
at org.openqa.selenium.remote.HttpCommandExecutor.execute(HttpCommandExecutor.java:158)
at org.openqa.selenium.remote.service.DriverCommandExecutor.execute(DriverCommandExecutor.java:83)
at org.openqa.selenium.remote.RemoteWebDriver.execute(RemoteWebDriver.java:552)
at org.openqa.selenium.remote.RemoteWebElement.execute(RemoteWebElement.java:285)
at org.openqa.selenium.remote.RemoteWebElement.click(RemoteWebElement.java:84)
at org.openqa.selenium.support.pagefactory.internal.LocatingElementHandler.invoke(LocatingElementHandler.java:51)
at com.sun.proxy.$Proxy23.click(Unknown Source)
at com.stepdefinition.LoginFunction.user_clicks_on_the_login_in_button(LoginFunction.java:41)
at âœ½.User clicks on the Login in button(file:///C:/Users/Mdjalal%20Kaikobad/git/repository/Automation_project/Features/login.feature:8)
... Removed 8 stack frames]]>
    </failure>
  </testcase> <!-- runScenario -->
</testsuite> <!-- zoopla login test -->
