<html>
<head>
<title>TestNG:  zoopla login test</title>
<link href="../testng.css" rel="stylesheet" type="text/css" />
<link href="../my-testng.css" rel="stylesheet" type="text/css" />

<style type="text/css">
.log { display: none;} 
.stack-trace { display: none;} 
</style>
<script type="text/javascript">
<!--
function flip(e) {
  current = e.style.display;
  if (current == 'block') {
    e.style.display = 'none';
    return 0;
  }
  else {
    e.style.display = 'block';
    return 1;
  }
}

function toggleBox(szDivId, elem, msg1, msg2)
{
  var res = -1;  if (document.getElementById) {
    res = flip(document.getElementById(szDivId));
  }
  else if (document.all) {
    // this is the way old msie versions work
    res = flip(document.all[szDivId]);
  }
  if(elem) {
    if(res == 0) elem.innerHTML = msg1; else elem.innerHTML = msg2;
  }

}

function toggleAllBoxes() {
  if (document.getElementsByTagName) {
    d = document.getElementsByTagName('div');
    for (i = 0; i < d.length; i++) {
      if (d[i].className == 'log') {
        flip(d[i]);
      }
    }
  }
}

// -->
</script>

</head>
<body>
<h2 align='center'>zoopla login test</h2><table border='1' align="center">
<tr>
<td>Tests passed/Failed/Skipped:</td><td>0/1/0</td>
</tr><tr>
<td>Started on:</td><td>Fri Mar 18 16:56:21 EDT 2022</td>
</tr>
<tr><td>Total time:</td><td>6 seconds (6586 ms)</td>
</tr><tr>
<td>Included groups:</td><td></td>
</tr><tr>
<td>Excluded groups:</td><td></td>
</tr>
</table><p/>
<small><i>(Hover the method name to see the test class name)</i></small><p/>
<table width='100%' border='1' class='invocation-failed'>
<tr><td colspan='4' align='center'><b>FAILED TESTS</b></td></tr>
<tr><td><b>Test method</b></td>
<td width="30%"><b>Exception</b></td>
<td width="10%"><b>Time (seconds)</b></td>
<td><b>Instance</b></td>
</tr>
<tr>
<td title='com.runner.MyRunner.runScenario()'><b>runScenario</b><br>Test class: com.runner.MyRunner<br>Test method: Runs Cucumber Scenarios<br>Parameters: "User login with valid username and verify page title", "Optional[User is able to login with valid username & password]"</td>
<td><div><pre>org.openqa.selenium.ElementClickInterceptedException: element click intercepted: Element &lt;p class=&quot;css-mx98y1-Text eczcs4p0&quot; style=&quot;background: green; border: 4px solid black;&quot;&gt;...&lt;/p&gt; is not clickable at point (1220, 52). Other element would receive the click: &lt;a href=&quot;/signin/?page_after_login=%2F&amp;amp;return_url=%2F&amp;amp;with_confirmation=true&quot; data-testid=&quot;header-profile-sign-in&quot; data-header-signin=&quot;/signin/?page_after_login={URL}&amp;amp;return_url={URL}&amp;amp;with_confirmation=true&quot; data-track-category=&quot;User Account&quot; data-track-action=&quot;clickthrough&quot; data-track-label=&quot;user account&gt;sign in&quot; class=&quot;e1ydnppz5 css-1mw8k3j-ButtonLink-Button-ButtonLinkWithIcon-ResetButtonLinkWithIcon et03gpj0&quot; data-ajax=&quot;false&quot;&gt;...&lt;/a&gt;
  (Session info: chrome=99.0.4844.74)
Build info: version: &apos;3.141.59&apos;, revision: &apos;e82be7d358&apos;, time: &apos;2018-11-14T08:17:03&apos;
System info: host: &apos;DESKTOP-R6ICANP&apos;, ip: &apos;192.168.1.183&apos;, os.name: &apos;Windows 10&apos;, os.arch: &apos;amd64&apos;, os.version: &apos;10.0&apos;, java.version: &apos;1.8.0_321&apos;
Driver info: org.openqa.selenium.chrome.ChromeDriver
Capabilities {acceptInsecureCerts: false, browserName: chrome, browserVersion: 99.0.4844.74, chrome: {chromedriverVersion: 99.0.4844.51 (d537ec02474b5..., userDataDir: C:\Users\MDJALA~1\AppData\L...}, goog:chromeOptions: {debuggerAddress: localhost:60964}, javascriptEnabled: true, networkConnectionEnabled: false, pageLoadStrategy: normal, platform: WINDOWS, platformName: WINDOWS, proxy: Proxy(), setWindowRect: true, strictFileInteractability: false, timeouts: {implicit: 0, pageLoad: 300000, script: 30000}, unhandledPromptBehavior: dismiss and notify, webauthn:extension:credBlob: true, webauthn:extension:largeBlob: true, webauthn:virtualAuthenticators: true}
Session ID: f23d4af5d036c441f2667ad5552a0246
	at org.openqa.selenium.remote.http.W3CHttpResponseCodec.createException(W3CHttpResponseCodec.java:187)
	at org.openqa.selenium.remote.http.W3CHttpResponseCodec.decode(W3CHttpResponseCodec.java:122)
	at org.openqa.selenium.remote.http.W3CHttpResponseCodec.decode(W3CHttpResponseCodec.java:49)
	at org.openqa.selenium.remote.HttpCommandExecutor.execute(HttpCommandExecutor.java:158)
	at org.openqa.selenium.remote.service.DriverCommandExecutor.execute(DriverCommandExecutor.java:83)
	at org.openqa.selenium.remote.RemoteWebDriver.execute(RemoteWebDriver.java:552)
	at org.openqa.selenium.remote.RemoteWebElement.execute(RemoteWebElement.java:285)
	at org.openqa.selenium.remote.RemoteWebElement.click(RemoteWebElement.java:84)
	at org.openqa.selenium.support.pagefactory.internal.LocatingElementHandler.invoke(LocatingElementHandler.java:51)
	at com.sun.proxy.$Proxy23.click(Unknown Source)
	at com.stepdefinition.LoginFunction.user_clicks_on_the_login_in_button(LoginFunction.java:41)
	at ?.User clicks on the Login in button(file:///C:/Users/Mdjalal%20Kaikobad/git/repository/Automation_project/Features/login.feature:8)
... Removed 8 stack frames</pre></div><a href='#' onClick='toggleBox("stack-trace2015007762", this, "Click to show all stack frames", "Click to hide stack frames")'>Click to show all stack frames</a>
<div class='stack-trace' id='stack-trace2015007762'><pre>org.openqa.selenium.ElementClickInterceptedException: element click intercepted: Element &lt;p class=&quot;css-mx98y1-Text eczcs4p0&quot; style=&quot;background: green; border: 4px solid black;&quot;&gt;...&lt;/p&gt; is not clickable at point (1220, 52). Other element would receive the click: &lt;a href=&quot;/signin/?page_after_login=%2F&amp;amp;return_url=%2F&amp;amp;with_confirmation=true&quot; data-testid=&quot;header-profile-sign-in&quot; data-header-signin=&quot;/signin/?page_after_login={URL}&amp;amp;return_url={URL}&amp;amp;with_confirmation=true&quot; data-track-category=&quot;User Account&quot; data-track-action=&quot;clickthrough&quot; data-track-label=&quot;user account&gt;sign in&quot; class=&quot;e1ydnppz5 css-1mw8k3j-ButtonLink-Button-ButtonLinkWithIcon-ResetButtonLinkWithIcon et03gpj0&quot; data-ajax=&quot;false&quot;&gt;...&lt;/a&gt;
  (Session info: chrome=99.0.4844.74)
Build info: version: &apos;3.141.59&apos;, revision: &apos;e82be7d358&apos;, time: &apos;2018-11-14T08:17:03&apos;
System info: host: &apos;DESKTOP-R6ICANP&apos;, ip: &apos;192.168.1.183&apos;, os.name: &apos;Windows 10&apos;, os.arch: &apos;amd64&apos;, os.version: &apos;10.0&apos;, java.version: &apos;1.8.0_321&apos;
Driver info: org.openqa.selenium.chrome.ChromeDriver
Capabilities {acceptInsecureCerts: false, browserName: chrome, browserVersion: 99.0.4844.74, chrome: {chromedriverVersion: 99.0.4844.51 (d537ec02474b5..., userDataDir: C:\Users\MDJALA~1\AppData\L...}, goog:chromeOptions: {debuggerAddress: localhost:60964}, javascriptEnabled: true, networkConnectionEnabled: false, pageLoadStrategy: normal, platform: WINDOWS, platformName: WINDOWS, proxy: Proxy(), setWindowRect: true, strictFileInteractability: false, timeouts: {implicit: 0, pageLoad: 300000, script: 30000}, unhandledPromptBehavior: dismiss and notify, webauthn:extension:credBlob: true, webauthn:extension:largeBlob: true, webauthn:virtualAuthenticators: true}
Session ID: f23d4af5d036c441f2667ad5552a0246
	at sun.reflect.NativeConstructorAccessorImpl.newInstance0(Native Method)
	at sun.reflect.NativeConstructorAccessorImpl.newInstance(Unknown Source)
	at sun.reflect.DelegatingConstructorAccessorImpl.newInstance(Unknown Source)
	at java.lang.reflect.Constructor.newInstance(Unknown Source)
	at org.openqa.selenium.remote.http.W3CHttpResponseCodec.createException(W3CHttpResponseCodec.java:187)
	at org.openqa.selenium.remote.http.W3CHttpResponseCodec.decode(W3CHttpResponseCodec.java:122)
	at org.openqa.selenium.remote.http.W3CHttpResponseCodec.decode(W3CHttpResponseCodec.java:49)
	at org.openqa.selenium.remote.HttpCommandExecutor.execute(HttpCommandExecutor.java:158)
	at org.openqa.selenium.remote.service.DriverCommandExecutor.execute(DriverCommandExecutor.java:83)
	at org.openqa.selenium.remote.RemoteWebDriver.execute(RemoteWebDriver.java:552)
	at org.openqa.selenium.remote.RemoteWebElement.execute(RemoteWebElement.java:285)
	at org.openqa.selenium.remote.RemoteWebElement.click(RemoteWebElement.java:84)
	at sun.reflect.NativeMethodAccessorImpl.invoke0(Native Method)
	at sun.reflect.NativeMethodAccessorImpl.invoke(Unknown Source)
	at sun.reflect.DelegatingMethodAccessorImpl.invoke(Unknown Source)
	at java.lang.reflect.Method.invoke(Unknown Source)
	at org.openqa.selenium.support.pagefactory.internal.LocatingElementHandler.invoke(LocatingElementHandler.java:51)
	at com.sun.proxy.$Proxy23.click(Unknown Source)
	at com.stepdefinition.LoginFunction.user_clicks_on_the_login_in_button(LoginFunction.java:41)
	at ?.User clicks on the Login in button(file:///C:/Users/Mdjalal%20Kaikobad/git/repository/Automation_project/Features/login.feature:8)
</pre></div></td>
<td>6</td>
<td>com.runner.MyRunner@33afa13b</td></tr>
</table><p>
</body>
</html>