<?xml version="1.0" encoding="UTF-8"?>
<!-- Generated by org.testng.reporters.JUnitReportReporter -->
<testsuite skipped="0" hostname="DESKTOP-R6ICANP" name="com.runner.MyRunner" tests="1" failures="0" timestamp="2022-03-18T16:56:28 EDT" time="6.045" errors="1">
  <testcase name="runScenario" time="6.045" classname="com.runner.MyRunner">
    <error type="org.openqa.selenium.ElementClickInterceptedException" message="element click intercepted: Element &lt;p class=&quot;css-mx98y1-Text eczcs4p0&quot; style=&quot;background: green; border: 4px solid black;&quot;&gt;...&lt;/p&gt; is not clickable at point (1220, 52). Other element would receive the click: &lt;a href=&quot;/signin/?page_after_login=%2F&amp;amp;return_url=%2F&amp;amp;with_confirmation=true&quot; data-testid=&quot;header-profile-sign-in&quot; data-header-signin=&quot;/signin/?page_after_login={URL}&amp;amp;return_url={URL}&amp;amp;with_confirmation=true&quot; data-track-category=&quot;User Account&quot; data-track-action=&quot;clickthrough&quot; data-track-label=&quot;user account&gt;sign in&quot; class=&quot;e1ydnppz5 css-1mw8k3j-ButtonLink-Button-ButtonLinkWithIcon-ResetButtonLinkWithIcon et03gpj0&quot; data-ajax=&quot;false&quot;&gt;...&lt;/a&gt;
  (Session info: chrome=99.0.4844.74)
Build info: version: &#039;3.141.59&#039;, revision: &#039;e82be7d358&#039;, time: &#039;2018-11-14T08:17:03&#039;
System info: host: &#039;DESKTOP-R6ICANP&#039;, ip: &#039;192.168.1.183&#039;, os.name: &#039;Windows 10&#039;, os.arch: &#039;amd64&#039;, os.version: &#039;10.0&#039;, java.version: &#039;1.8.0_321&#039;
Driver info: org.openqa.selenium.chrome.ChromeDriver
Capabilities {acceptInsecureCerts: false, browserName: chrome, browserVersion: 99.0.4844.74, chrome: {chromedriverVersion: 99.0.4844.51 (d537ec02474b5..., userDataDir: C:\Users\MDJALA~1\AppData\L...}, goog:chromeOptions: {debuggerAddress: localhost:60964}, javascriptEnabled: true, networkConnectionEnabled: false, pageLoadStrategy: normal, platform: WINDOWS, platformName: WINDOWS, proxy: Proxy(), setWindowRect: true, strictFileInteractability: false, timeouts: {implicit: 0, pageLoad: 300000, script: 30000}, unhandledPromptBehavior: dismiss and notify, webauthn:extension:credBlob: true, webauthn:extension:largeBlob: true, webauthn:virtualAuthenticators: true}
Session ID: f23d4af5d036c441f2667ad5552a0246">
      <![CDATA[org.openqa.selenium.ElementClickInterceptedException: element click intercepted: Element <p class="css-mx98y1-Text eczcs4p0" style="background: green; border: 4px solid black;">...</p> is not clickable at point (1220, 52). Other element would receive the click: <a href="/signin/?page_after_login=%2F&amp;return_url=%2F&amp;with_confirmation=true" data-testid="header-profile-sign-in" data-header-signin="/signin/?page_after_login={URL}&amp;return_url={URL}&amp;with_confirmation=true" data-track-category="User Account" data-track-action="clickthrough" data-track-label="user account>sign in" class="e1ydnppz5 css-1mw8k3j-ButtonLink-Button-ButtonLinkWithIcon-ResetButtonLinkWithIcon et03gpj0" data-ajax="false">...</a>
  (Session info: chrome=99.0.4844.74)
Build info: version: '3.141.59', revision: 'e82be7d358', time: '2018-11-14T08:17:03'
System info: host: 'DESKTOP-R6ICANP', ip: '192.168.1.183', os.name: 'Windows 10', os.arch: 'amd64', os.version: '10.0', java.version: '1.8.0_321'
Driver info: org.openqa.selenium.chrome.ChromeDriver
Capabilities {acceptInsecureCerts: false, browserName: chrome, browserVersion: 99.0.4844.74, chrome: {chromedriverVersion: 99.0.4844.51 (d537ec02474b5..., userDataDir: C:\Users\MDJALA~1\AppData\L...}, goog:chromeOptions: {debuggerAddress: localhost:60964}, javascriptEnabled: true, networkConnectionEnabled: false, pageLoadStrategy: normal, platform: WINDOWS, platformName: WINDOWS, proxy: Proxy(), setWindowRect: true, strictFileInteractability: false, timeouts: {implicit: 0, pageLoad: 300000, script: 30000}, unhandledPromptBehavior: dismiss and notify, webauthn:extension:credBlob: true, webauthn:extension:largeBlob: true, webauthn:virtualAuthenticators: true}
Session ID: f23d4af5d036c441f2667ad5552a0246
at sun.reflect.NativeConstructorAccessorImpl.newInstance0(Native Method)
at sun.reflect.NativeConstructorAccessorImpl.newInstance(Unknown Source)
at sun.reflect.DelegatingConstructorAccessorImpl.newInstance(Unknown Source)
at java.lang.reflect.Constructor.newInstance(Unknown Source)
at org.openqa.selenium.remote.http.W3CHttpResponseCodec.createException(W3CHttpResponseCodec.java:187)
at org.openqa.selenium.remote.http.W3CHttpResponseCodec.decode(W3CHttpResponseCodec.java:122)
at org.openqa.selenium.remote.http.W3CHttpResponseCodec.decode(W3CHttpResponseCodec.java:49)
at org.openqa.selenium.remote.HttpCommandExecutor.execute(HttpCommandExecutor.java:158)
at org.openqa.selenium.remote.service.DriverCommandExecutor.execute(DriverCommandExecutor.java:83)
at org.openqa.selenium.remote.RemoteWebDriver.execute(RemoteWebDriver.java:552)
at org.openqa.selenium.remote.RemoteWebElement.execute(RemoteWebElement.java:285)
at org.openqa.selenium.remote.RemoteWebElement.click(RemoteWebElement.java:84)
at sun.reflect.NativeMethodAccessorImpl.invoke0(Native Method)
at sun.reflect.NativeMethodAccessorImpl.invoke(Unknown Source)
at sun.reflect.DelegatingMethodAccessorImpl.invoke(Unknown Source)
at java.lang.reflect.Method.invoke(Unknown Source)
at org.openqa.selenium.support.pagefactory.internal.LocatingElementHandler.invoke(LocatingElementHandler.java:51)
at com.sun.proxy.$Proxy23.click(Unknown Source)
at com.stepdefinition.LoginFunction.user_clicks_on_the_login_in_button(LoginFunction.java:41)
at âœ½.User clicks on the Login in button(file:///C:/Users/Mdjalal%20Kaikobad/git/repository/Automation_project/Features/login.feature:8)
]]>
    </error>
  </testcase> <!-- runScenario -->
  <system-out/>
</testsuite> <!-- com.runner.MyRunner -->
